[debug] [2021-09-02T19:07:45.168Z] ----------------------------------------------------------------------
[debug] [2021-09-02T19:07:45.170Z] Command:       C:\Program Files\nodejs\node.exe C:\Users\Alok\AppData\Roaming\npm\node_modules\firebase-tools\lib\bin\firebase.js init hosting
[debug] [2021-09-02T19:07:45.170Z] CLI Version:   9.16.0
[debug] [2021-09-02T19:07:45.170Z] Platform:      win32
[debug] [2021-09-02T19:07:45.170Z] Node Version:  v14.17.3
[debug] [2021-09-02T19:07:45.171Z] Time:          Fri Sep 03 2021 00:37:45 GMT+0530 (India Standard Time)
[debug] [2021-09-02T19:07:45.171Z] ----------------------------------------------------------------------
[debug] 
[debug] [2021-09-02T19:07:45.221Z] > command requires scopes: ["email","openid","https://www.googleapis.com/auth/cloudplatformprojects.readonly","https://www.googleapis.com/auth/firebase","https://www.googleapis.com/auth/cloud-platform"]
[debug] [2021-09-02T19:07:45.221Z] > authorizing via signed-in user (alokgautam02@gmail.com)
[info] 
     ######## #### ########  ######## ########     ###     ######  ########
     ##        ##  ##     ## ##       ##     ##  ##   ##  ##       ##
     ######    ##  ########  ######   ########  #########  ######  ######
     ##        ##  ##    ##  ##       ##     ## ##     ##       ## ##
     ##       #### ##     ## ######## ########  ##     ##  ######  ########

You're about to initialize a Firebase project in this directory:

  C:\Users\Alok\Desktop\whatsapp-clone-firebase

Before we get started, keep in mind:

  * You are initializing within an existing Firebase project directory

